2019-04-12 17:04:40,450 [INFO] Calling cli_wallet with args `['/home/lumpy/Work/STEEM/steem/build/programs/cli_wallet//cli_wallet --server-rpc-endpoint  ws://127.0.0.1:8090 --cert-auth  _default --rpc-tls-endpoint  127.0.0.1:8092 --rpc-tls-cert  server.pem --rpc-http-endpoint  127.0.0.1:8093 --wallet-file  wallet.json --chain-id  18dcf0a285365fc58b71f18b3d3fec954aa0c141c44e4e5cb4cf777b9eab274e']`
2019-04-12 17:04:40,452 [INFO] Sending set_password "testpassword" 

2019-04-12 17:04:43,958 [INFO] Sending unlock "testpassword" 

2019-04-12 17:04:47,460 [INFO] Sending import_key "5JNHfZYKGaomSFvd4NUdQ9qMcEAC43kujbfjueTHpVapX1Kzq2n" 

2019-04-12 17:04:50,983 [INFO] Sending list_voter_proposals "initminer" "creator" "asc" 50 "all" "x" 

2019-04-12 17:04:54,485 [INFO] unlocked >>> 
unlocked >>> 290984ms wallet.cpp:2538               list_voter_proposals ] The value `x` for `_last_id` argument is invalid, it should be integer type.
list_voter_proposals "initminer" "creator" "asc" 50 "all" "x" 
{}

2019-04-12 17:04:54,485 [INFO] Sending list_voter_proposals "initminer" "creator" "asc" 50 "all" "y" 

2019-04-12 17:04:57,987 [INFO] unlocked >>> 
unlocked >>> 294485ms wallet.cpp:2538               list_voter_proposals ] The value `y` for `_last_id` argument is invalid, it should be integer type.
list_voter_proposals "initminer" "creator" "asc" 50 "all" "y" 
{}

2019-04-12 17:04:57,987 [INFO] Sending list_voter_proposals "initminer" "creator" "asc" 50 "all" "10" 

2019-04-12 17:05:01,490 [INFO] unlocked >>> 
unlocked >>> 297988ms wallet.cpp:2544               list_voter_proposals ] args.start: initminer 
297988ms wallet.cpp:2545               list_voter_proposals ] args.order_by: by_creator 
297988ms wallet.cpp:2546               list_voter_proposals ] args.order_direction: direction_ascending 
297988ms wallet.cpp:2547               list_voter_proposals ] args.limit: 50 
297988ms wallet.cpp:2548               list_voter_proposals ] args.status: all 
297988ms wallet.cpp:2549               list_voter_proposals ] args.last_id: 10 
297989ms websocket_api.cpp:102         on_message           ] message: {"jsonrpc":"2.0","result":{},"id":1} 
list_voter_proposals "initminer" "creator" "asc" 50 "all" "10" 
{}

2019-04-12 17:05:01,491 [INFO] TEST `./tests/009_list_voter_proposal_fail_invalid_value_for_last_id.py` passed
